abr. 02, 2025 2:44:26 PM liquibase.changelog
INFO: Reading resource: db/changelog/migrations/db.changelog-202504011636.sql
abr. 02, 2025 2:44:26 PM liquibase.changelog
INFO: Reading resource: db/changelog/migrations/db.changelog-202504021327.sql
abr. 02, 2025 2:44:26 PM liquibase.changelog
INFO: Reading resource: db/changelog/migrations/db.changelog-202504021342.sql
abr. 02, 2025 2:44:26 PM liquibase.changelog
INFO: Reading resource: db/changelog/migrations/db.changelog-202504021346.sql
abr. 02, 2025 2:44:26 PM liquibase.changelog
INFO: Creating database history table with name: board.databasechangelog
abr. 02, 2025 2:44:26 PM liquibase.changelog
INFO: Reading from board.databasechangelog
abr. 02, 2025 2:44:26 PM liquibase.lockservice
INFO: Successfully acquired change log lock
abr. 02, 2025 2:44:26 PM liquibase.command
INFO: Using deploymentId: 3615866449
abr. 02, 2025 2:44:26 PM liquibase.changelog
INFO: Reading from board.databasechangelog
Running Changeset: db/changelog/migrations/db.changelog-202504011636.sql::202504011636::andre
abr. 02, 2025 2:44:26 PM liquibase.changelog
INFO: Custom SQL executed
abr. 02, 2025 2:44:26 PM liquibase.changelog
INFO: ChangeSet db/changelog/migrations/db.changelog-202504011636.sql::202504011636::andre ran successfully in 29ms
Running Changeset: db/changelog/migrations/db.changelog-202504021327.sql::202504011636::andre
abr. 02, 2025 2:44:26 PM liquibase.changelog
INFO: Custom SQL executed
abr. 02, 2025 2:44:26 PM liquibase.changelog
INFO: ChangeSet db/changelog/migrations/db.changelog-202504021327.sql::202504011636::andre ran successfully in 39ms
Running Changeset: db/changelog/migrations/db.changelog-202504021342.sql::202504011636::andre
abr. 02, 2025 2:44:26 PM liquibase.changelog
INFO: Custom SQL executed
abr. 02, 2025 2:44:26 PM liquibase.changelog
INFO: ChangeSet db/changelog/migrations/db.changelog-202504021342.sql::202504011636::andre ran successfully in 39ms
Running Changeset: db/changelog/migrations/db.changelog-202504021346.sql::202504011636::andre
abr. 02, 2025 2:44:26 PM liquibase.changelog
INFO: Custom SQL executed
abr. 02, 2025 2:44:26 PM liquibase.changelog
INFO: ChangeSet db/changelog/migrations/db.changelog-202504021346.sql::202504011636::andre ran successfully in 38ms

UPDATE SUMMARY
Run:                          4
Previously run:               0
Filtered out:                 0
-------------------------------
Total change sets:            4

abr. 02, 2025 2:44:26 PM liquibase.util
INFO: UPDATE SUMMARY
abr. 02, 2025 2:44:26 PM liquibase.util
INFO: Run:                          4
abr. 02, 2025 2:44:26 PM liquibase.util
INFO: Previously run:               0
abr. 02, 2025 2:44:26 PM liquibase.util
INFO: Filtered out:                 0
abr. 02, 2025 2:44:26 PM liquibase.util
INFO: -------------------------------
abr. 02, 2025 2:44:26 PM liquibase.util
INFO: Total change sets:            4
abr. 02, 2025 2:44:26 PM liquibase.util
INFO: Update summary generated
abr. 02, 2025 2:44:26 PM liquibase.command
INFO: Update command completed successfully.
Liquibase: Update has been successful. Rows affected: 4
abr. 02, 2025 2:44:26 PM liquibase.lockservice
INFO: Successfully released change log lock
abr. 02, 2025 2:44:26 PM liquibase.command
INFO: Command execution complete
